D:\Pika Ma\Documents\Visual Studio 2015\Projects\fluids3\\fluids_v3.exe
D:\Pika Ma\Documents\Visual Studio 2015\Projects\fluids3\\fluids_v3.ilk
D:\Pika Ma\Documents\Visual Studio 2015\Projects\fluids3\\fluids_v3.pdb
D:\PIKA MA\DOCUMENTS\VISUAL STUDIO 2015\PROJECTS\FLUIDS3\FLUIDS_V3.EXE
D:\Pika Ma\Documents\Visual Studio 2015\Projects\fluids3\fluids_v3.exp
D:\PIKA MA\DOCUMENTS\VISUAL STUDIO 2015\PROJECTS\FLUIDS3\FLUIDS_V3.ILK
D:\Pika Ma\Documents\Visual Studio 2015\Projects\fluids3\fluids_v3.lib
D:\PIKA MA\DOCUMENTS\VISUAL STUDIO 2015\PROJECTS\FLUIDS3\FLUIDS_V3.PDB
D:\PIKA MA\DOCUMENTS\VISUAL STUDIO 2015\PROJECTS\FLUIDS3\OUTPUT\DEBUG\APP_PERF.OBJ
D:\PIKA MA\DOCUMENTS\VISUAL STUDIO 2015\PROJECTS\FLUIDS3\OUTPUT\DEBUG\APP_UTIL.OBJ
D:\Pika Ma\Documents\Visual Studio 2015\Projects\fluids3\output\Debug\cl.command.1.tlog
D:\Pika Ma\Documents\Visual Studio 2015\Projects\fluids3\output\Debug\CL.read.1.tlog
D:\Pika Ma\Documents\Visual Studio 2015\Projects\fluids3\output\Debug\CL.write.1.tlog
D:\Pika Ma\Documents\Visual Studio 2015\Projects\fluids3\output\Debug\custombuild.command.1.tlog
D:\Pika Ma\Documents\Visual Studio 2015\Projects\fluids3\output\Debug\custombuild.read.1.tlog
D:\Pika Ma\Documents\Visual Studio 2015\Projects\fluids3\output\Debug\custombuild.write.1.tlog
D:\PIKA MA\DOCUMENTS\VISUAL STUDIO 2015\PROJECTS\FLUIDS3\OUTPUT\DEBUG\FLUID_SYSTEM.OBJ
D:\Pika Ma\Documents\Visual Studio 2015\Projects\fluids3\output\Debug\fluid_system_host.cu.cache
D:\Pika Ma\Documents\Visual Studio 2015\Projects\fluids3\output\Debug\fluid_system_host.cu.obj
D:\Pika Ma\Documents\Visual Studio 2015\Projects\fluids3\output\Debug\fluid_system_kern.cu.cache
D:\Pika Ma\Documents\Visual Studio 2015\Projects\fluids3\output\Debug\fluid_system_kern.cu.obj
D:\PIKA MA\DOCUMENTS\VISUAL STUDIO 2015\PROJECTS\FLUIDS3\OUTPUT\DEBUG\FLUIDS_V3.EXE.EMBED.MANIFEST
D:\PIKA MA\DOCUMENTS\VISUAL STUDIO 2015\PROJECTS\FLUIDS3\OUTPUT\DEBUG\FLUIDS_V3.EXE.EMBED.MANIFEST.RES
D:\PIKA MA\DOCUMENTS\VISUAL STUDIO 2015\PROJECTS\FLUIDS3\OUTPUT\DEBUG\FLUIDS_V3.EXE.INTERMEDIATE.MANIFEST
D:\Pika Ma\Documents\Visual Studio 2015\Projects\fluids3\output\Debug\fluids_v3.write.1.tlog
D:\Pika Ma\Documents\Visual Studio 2015\Projects\fluids3\output\Debug\fluids_v3_manifest.rc
D:\PIKA MA\DOCUMENTS\VISUAL STUDIO 2015\PROJECTS\FLUIDS3\OUTPUT\DEBUG\GLEW.OBJ
D:\Pika Ma\Documents\Visual Studio 2015\Projects\fluids3\output\Debug\link.10872.read.1.tlog
D:\Pika Ma\Documents\Visual Studio 2015\Projects\fluids3\output\Debug\link.10872.write.1.tlog
D:\Pika Ma\Documents\Visual Studio 2015\Projects\fluids3\output\Debug\link.10872-cvtres.read.1.tlog
D:\Pika Ma\Documents\Visual Studio 2015\Projects\fluids3\output\Debug\link.10872-cvtres.write.1.tlog
D:\Pika Ma\Documents\Visual Studio 2015\Projects\fluids3\output\Debug\link.12740.read.1.tlog
D:\Pika Ma\Documents\Visual Studio 2015\Projects\fluids3\output\Debug\link.12740.write.1.tlog
D:\Pika Ma\Documents\Visual Studio 2015\Projects\fluids3\output\Debug\link.12740-cvtres.read.1.tlog
D:\Pika Ma\Documents\Visual Studio 2015\Projects\fluids3\output\Debug\link.12740-cvtres.write.1.tlog
D:\Pika Ma\Documents\Visual Studio 2015\Projects\fluids3\output\Debug\link.5812.read.1.tlog
D:\Pika Ma\Documents\Visual Studio 2015\Projects\fluids3\output\Debug\link.5812.write.1.tlog
D:\Pika Ma\Documents\Visual Studio 2015\Projects\fluids3\output\Debug\link.5812-cvtres.read.1.tlog
D:\Pika Ma\Documents\Visual Studio 2015\Projects\fluids3\output\Debug\link.5812-cvtres.write.1.tlog
D:\Pika Ma\Documents\Visual Studio 2015\Projects\fluids3\output\Debug\link.7800.read.1.tlog
D:\Pika Ma\Documents\Visual Studio 2015\Projects\fluids3\output\Debug\link.7800.write.1.tlog
D:\Pika Ma\Documents\Visual Studio 2015\Projects\fluids3\output\Debug\link.7800-cvtres.read.1.tlog
D:\Pika Ma\Documents\Visual Studio 2015\Projects\fluids3\output\Debug\link.7800-cvtres.write.1.tlog
D:\Pika Ma\Documents\Visual Studio 2015\Projects\fluids3\output\Debug\link.command.1.tlog
D:\Pika Ma\Documents\Visual Studio 2015\Projects\fluids3\output\Debug\link.read.1.tlog
D:\Pika Ma\Documents\Visual Studio 2015\Projects\fluids3\output\Debug\link.write.1.tlog
D:\PIKA MA\DOCUMENTS\VISUAL STUDIO 2015\PROJECTS\FLUIDS3\OUTPUT\DEBUG\MAIN.OBJ
D:\Pika Ma\Documents\Visual Studio 2015\Projects\fluids3\output\Debug\mt.command.1.tlog
D:\Pika Ma\Documents\Visual Studio 2015\Projects\fluids3\output\Debug\mt.read.1.tlog
D:\Pika Ma\Documents\Visual Studio 2015\Projects\fluids3\output\Debug\mt.write.1.tlog
D:\Pika Ma\Documents\Visual Studio 2015\Projects\fluids3\output\Debug\rc.command.1.tlog
D:\Pika Ma\Documents\Visual Studio 2015\Projects\fluids3\output\Debug\rc.read.1.tlog
D:\Pika Ma\Documents\Visual Studio 2015\Projects\fluids3\output\Debug\rc.write.1.tlog
D:\Pika Ma\Documents\Visual Studio 2015\Projects\fluids3\output\Debug\vc100.idb
D:\PIKA MA\DOCUMENTS\VISUAL STUDIO 2015\PROJECTS\FLUIDS3\OUTPUT\DEBUG\VC100.PDB
D:\PIKA MA\DOCUMENTS\VISUAL STUDIO 2015\PROJECTS\FLUIDS3\OUTPUT\DEBUG\XML_SETTINGS.OBJ
