D:\PIKA MA\DOCUMENTS\VISUAL STUDIO 2015\PROJECTS\FLUIDS3\FLUIDS_V3.EXE
D:\Pika Ma\Documents\Visual Studio 2015\Projects\fluids3\fluids_v3.exp
D:\Pika Ma\Documents\Visual Studio 2015\Projects\fluids3\fluids_v3.lib
D:\PIKA MA\DOCUMENTS\VISUAL STUDIO 2015\PROJECTS\FLUIDS3\OUTPUT\RELEASE\APP_PERF.OBJ
D:\PIKA MA\DOCUMENTS\VISUAL STUDIO 2015\PROJECTS\FLUIDS3\OUTPUT\RELEASE\APP_UTIL.OBJ
D:\Pika Ma\Documents\Visual Studio 2015\Projects\fluids3\output\Release\cl.command.1.tlog
D:\Pika Ma\Documents\Visual Studio 2015\Projects\fluids3\output\Release\CL.read.1.tlog
D:\Pika Ma\Documents\Visual Studio 2015\Projects\fluids3\output\Release\CL.write.1.tlog
D:\PIKA MA\DOCUMENTS\VISUAL STUDIO 2015\PROJECTS\FLUIDS3\OUTPUT\RELEASE\FLUID_SYSTEM.OBJ
D:\Pika Ma\Documents\Visual Studio 2015\Projects\fluids3\output\Release\fluid_system_host.cu.cache
D:\Pika Ma\Documents\Visual Studio 2015\Projects\fluids3\output\Release\fluid_system_host.cu.obj
D:\Pika Ma\Documents\Visual Studio 2015\Projects\fluids3\output\Release\fluid_system_kern.cu.cache
D:\Pika Ma\Documents\Visual Studio 2015\Projects\fluids3\output\Release\fluid_system_kern.cu.obj
D:\PIKA MA\DOCUMENTS\VISUAL STUDIO 2015\PROJECTS\FLUIDS3\OUTPUT\RELEASE\FLUIDS_V3.EXE.INTERMEDIATE.MANIFEST
D:\Pika Ma\Documents\Visual Studio 2015\Projects\fluids3\output\Release\fluids_v3.write.1.tlog
D:\PIKA MA\DOCUMENTS\VISUAL STUDIO 2015\PROJECTS\FLUIDS3\OUTPUT\RELEASE\GLEW.OBJ
D:\Pika Ma\Documents\Visual Studio 2015\Projects\fluids3\output\Release\link.command.1.tlog
D:\Pika Ma\Documents\Visual Studio 2015\Projects\fluids3\output\Release\link.read.1.tlog
D:\Pika Ma\Documents\Visual Studio 2015\Projects\fluids3\output\Release\link.write.1.tlog
D:\PIKA MA\DOCUMENTS\VISUAL STUDIO 2015\PROJECTS\FLUIDS3\OUTPUT\RELEASE\MAIN.OBJ
D:\Pika Ma\Documents\Visual Studio 2015\Projects\fluids3\output\Release\mt.command.1.tlog
D:\Pika Ma\Documents\Visual Studio 2015\Projects\fluids3\output\Release\mt.read.1.tlog
D:\Pika Ma\Documents\Visual Studio 2015\Projects\fluids3\output\Release\mt.write.1.tlog
D:\PIKA MA\DOCUMENTS\VISUAL STUDIO 2015\PROJECTS\FLUIDS3\OUTPUT\RELEASE\VC100.PDB
D:\PIKA MA\DOCUMENTS\VISUAL STUDIO 2015\PROJECTS\FLUIDS3\OUTPUT\RELEASE\XML_SETTINGS.OBJ
